<?xml version="1.0" encoding="UTF-8"?>
<testng-results skipped="0" failed="0" total="3" passed="3">
  <reporter-output>
  </reporter-output>
  <suite name="Default suite" duration-ms="73923" started-at="2019-11-25T10:40:42Z" finished-at="2019-11-25T10:41:56Z">
    <groups>
    </groups>
    <test name="Default test" duration-ms="73923" started-at="2019-11-25T10:40:42Z" finished-at="2019-11-25T10:41:56Z">
      <class name="com.training.sanity.tests.UNF_simple_Test">
        <test-method status="PASS" signature="setUpBeforeClass()[pri:0, instance:com.training.sanity.tests.UNF_simple_Test@28f67ac7]" name="setUpBeforeClass" is-config="true" duration-ms="8" started-at="2019-11-25T10:40:42Z" finished-at="2019-11-25T10:40:42Z">
          <reporter-output>
          </reporter-output>
        </test-method> <!-- setUpBeforeClass -->
        <test-method status="PASS" signature="setUp()[pri:0, instance:com.training.sanity.tests.UNF_simple_Test@28f67ac7]" name="setUp" is-config="true" duration-ms="11378" started-at="2019-11-25T10:40:42Z" finished-at="2019-11-25T10:40:53Z">
          <reporter-output>
          </reporter-output>
        </test-method> <!-- setUp -->
        <test-method status="PASS" signature="UNF043Test()[pri:0, instance:com.training.sanity.tests.UNF_simple_Test@28f67ac7]" name="UNF043Test" duration-ms="6611" started-at="2019-11-25T10:40:53Z" finished-at="2019-11-25T10:41:00Z">
          <reporter-output>
          </reporter-output>
        </test-method> <!-- UNF043Test -->
        <test-method status="PASS" signature="tearDown()[pri:0, instance:com.training.sanity.tests.UNF_simple_Test@28f67ac7]" name="tearDown" is-config="true" duration-ms="1816" started-at="2019-11-25T10:41:00Z" finished-at="2019-11-25T10:41:02Z">
          <reporter-output>
          </reporter-output>
        </test-method> <!-- tearDown -->
        <test-method status="PASS" signature="setUp()[pri:0, instance:com.training.sanity.tests.UNF_simple_Test@28f67ac7]" name="setUp" is-config="true" duration-ms="10335" started-at="2019-11-25T10:41:02Z" finished-at="2019-11-25T10:41:12Z">
          <reporter-output>
          </reporter-output>
        </test-method> <!-- setUp -->
        <test-method status="PASS" signature="UNF044Test()[pri:0, instance:com.training.sanity.tests.UNF_simple_Test@28f67ac7]" name="UNF044Test" duration-ms="21124" started-at="2019-11-25T10:41:12Z" finished-at="2019-11-25T10:41:33Z">
          <reporter-output>
          </reporter-output>
        </test-method> <!-- UNF044Test -->
        <test-method status="PASS" signature="tearDown()[pri:0, instance:com.training.sanity.tests.UNF_simple_Test@28f67ac7]" name="tearDown" is-config="true" duration-ms="1809" started-at="2019-11-25T10:41:33Z" finished-at="2019-11-25T10:41:35Z">
          <reporter-output>
          </reporter-output>
        </test-method> <!-- tearDown -->
        <test-method status="PASS" signature="setUp()[pri:0, instance:com.training.sanity.tests.UNF_simple_Test@28f67ac7]" name="setUp" is-config="true" duration-ms="10459" started-at="2019-11-25T10:41:35Z" finished-at="2019-11-25T10:41:45Z">
          <reporter-output>
          </reporter-output>
        </test-method> <!-- setUp -->
        <test-method status="PASS" signature="UNF045Test()[pri:0, instance:com.training.sanity.tests.UNF_simple_Test@28f67ac7]" name="UNF045Test" duration-ms="8542" started-at="2019-11-25T10:41:45Z" finished-at="2019-11-25T10:41:54Z">
          <reporter-output>
          </reporter-output>
        </test-method> <!-- UNF045Test -->
        <test-method status="PASS" signature="tearDown()[pri:0, instance:com.training.sanity.tests.UNF_simple_Test@28f67ac7]" name="tearDown" is-config="true" duration-ms="1823" started-at="2019-11-25T10:41:54Z" finished-at="2019-11-25T10:41:56Z">
          <reporter-output>
          </reporter-output>
        </test-method> <!-- tearDown -->
      </class> <!-- com.training.sanity.tests.UNF_simple_Test -->
    </test> <!-- Default test -->
  </suite> <!-- Default suite -->
</testng-results>
