<?xml version="1.0" encoding="UTF-8"?>
<!-- Generated by org.testng.reporters.JUnitXMLReporter -->
<testsuite hostname="DESKTOP-EAT9E8B" name="Default test" tests="3" failures="0" timestamp="25 Nov 2019 10:41:56 GMT" time="73.923" errors="0">
  <testcase name="UNF043Test" time="6.611" classname="com.training.sanity.tests.UNF_simple_Test"/>
  <testcase name="UNF044Test" time="21.124" classname="com.training.sanity.tests.UNF_simple_Test"/>
  <testcase name="UNF045Test" time="8.542" classname="com.training.sanity.tests.UNF_simple_Test"/>
</testsuite> <!-- Default test -->
